<?xml version="1.0" encoding="UTF-8"?>
<!-- Generated by org.testng.reporters.JUnitXMLReporter -->
<testsuite hostname="DESKTOP-MS5PJGN" tests="20" failures="0" timestamp="10 May 2016 05:58:37 GMT" time="0.184" errors="0">
  <testcase name="testGetPrimeNumberList" time="0.003" classname="PrimeMultiplicationTableTest"/>
  <testcase name="testGetPrimeNumberList" time="0.001" classname="PrimeMultiplicationTableTest"/>
  <testcase name="testGetPrimeNumberList" time="0.0" classname="PrimeMultiplicationTableTest"/>
  <testcase name="testGetPrimeNumberList" time="0.0" classname="PrimeMultiplicationTableTest"/>
  <testcase name="testGetPrimeNumberList" time="0.001" classname="PrimeMultiplicationTableTest"/>
  <testcase name="testGetPrimeNumberList" time="0.002" classname="PrimeMultiplicationTableTest"/>
  <testcase name="testGetPrimeNumberList" time="0.003" classname="PrimeMultiplicationTableTest"/>
  <testcase name="testGetPrimeNumberMultiplicationEmptyList" time="0.001" classname="PrimeMultiplicationTableTest"/>
  <testcase name="testGetPrimeNumberMultiplicationList" time="0.002" classname="PrimeMultiplicationTableTest"/>
  <testcase name="testGetPrimeNumberMultiplicationList" time="0.001" classname="PrimeMultiplicationTableTest"/>
  <testcase name="testGetPrimeNumberMultiplicationList" time="0.001" classname="PrimeMultiplicationTableTest"/>
  <testcase name="testGetPrimeNumberMultiplicationList" time="0.001" classname="PrimeMultiplicationTableTest"/>
  <testcase name="testGetPrimeNumberMultiplicationList" time="0.043" classname="PrimeMultiplicationTableTest"/>
  <testcase name="testGetPrimeNumberMultiplicationList" time="0.008" classname="PrimeMultiplicationTableTest"/>
  <testcase name="testGetPrimeNumberMultiplicationList" time="0.009" classname="PrimeMultiplicationTableTest"/>
  <testcase name="testGetPrimeNumber_NegativeSize" time="0.0" classname="PrimeMultiplicationTableTest"/>
  <testcase name="testGetPrimeNumber_NegativeSize" time="0.0" classname="PrimeMultiplicationTableTest"/>
  <testcase name="testGetPrimeNumber_NegativeSize" time="0.001" classname="PrimeMultiplicationTableTest"/>
  <testcase name="testGetPrimeNumber_NegativeSize" time="0.0" classname="PrimeMultiplicationTableTest"/>
  <testcase name="testGetPrimeNumber_NegativeSize" time="0.0" classname="PrimeMultiplicationTableTest"/>
</testsuite>
